-------------------------------------------------------------------------------
Test set: com.longines.dao.TestInsertOrderInfo
-------------------------------------------------------------------------------
Tests run: 1, Failures: 0, Errors: 1, Skipped: 0, Time elapsed: 0.037 s <<< FAILURE! - in com.longines.dao.TestInsertOrderInfo
testinsertOrderInfo(com.longines.dao.TestInsertOrderInfo)  Time elapsed: 0.036 s  <<< ERROR!
org.apache.ibatis.binding.BindingException: Type interface com.longines.dao.TbOrderInfoMapper is not known to the MapperRegistry.
	at com.longines.dao.TestInsertOrderInfo.testinsertOrderInfo(TestInsertOrderInfo.java:20)

