<?xml version="1.0" encoding="UTF-8"?>
<testsuite xmlns:xsi="http://www.w3.org/2001/XMLSchema-instance" xsi:noNamespaceSchemaLocation="https://maven.apache.org/surefire/maven-surefire-plugin/xsd/surefire-test-report.xsd" name="com.longines.dao.TestSelectOrder" time="0.066" tests="1" errors="1" skipped="0" failures="0">
  <properties>
[...]
</properties>
  <testcase name="testselectOrder" classname="com.longines.dao.TestSelectOrder" time="0.066">
    <error message="Type interface com.longines.dao.TbOrderMapper is not known to the MapperRegistry." type="org.apache.ibatis.binding.BindingException">org.apache.ibatis.binding.BindingException: Type interface com.longines.dao.TbOrderMapper is not known to the MapperRegistry.
	at com.longines.dao.TestSelectOrder.testselectOrder(TestSelectOrder.java:20)
</error>
    <system-out><![CDATA[17:27:54.061 [main] DEBUG org.apache.ibatis.io.ResolverUtil - Find JAR URL: file:/E:/Longines/Longines/target/classes/com/longines/pojo
17:27:54.074 [main] DEBUG org.apache.ibatis.io.ResolverUtil - Not a JAR: file:/E:/Longines/Longines/target/classes/com/longines/pojo
17:27:54.081 [main] DEBUG org.apache.ibatis.io.ResolverUtil - Reader entry: TbMgAssociated.class
17:27:54.082 [main] DEBUG org.apache.ibatis.io.ResolverUtil - Reader entry: TbMgAssociatedExample.class
17:27:54.083 [main] DEBUG org.apache.ibatis.io.ResolverUtil - Reader entry: TbMgAssociatedExample$Criteria.class
17:27:54.083 [main] DEBUG org.apache.ibatis.io.ResolverUtil - Reader entry: TbMgAssociatedExample$Criterion.class
17:27:54.083 [main] DEBUG org.apache.ibatis.io.ResolverUtil - Reader entry: TbMgAssociatedExample$GeneratedCriteria.class
17:27:54.084 [main] DEBUG org.apache.ibatis.io.ResolverUtil - Reader entry: TbMgAssociatedKey.class
17:27:54.084 [main] DEBUG org.apache.ibatis.io.ResolverUtil - Reader entry: TbOrder.class
17:27:54.084 [main] DEBUG org.apache.ibatis.io.ResolverUtil - Reader entry: TbOrderExample.class
17:27:54.086 [main] DEBUG org.apache.ibatis.io.ResolverUtil - Reader entry: TbOrderExample$Criteria.class
17:27:54.087 [main] DEBUG org.apache.ibatis.io.ResolverUtil - Reader entry: TbOrderExample$Criterion.class
17:27:54.087 [main] DEBUG org.apache.ibatis.io.ResolverUtil - Reader entry: TbOrderExample$GeneratedCriteria.class
17:27:54.087 [main] DEBUG org.apache.ibatis.io.ResolverUtil - Reader entry: TbOrderInfo.class
17:27:54.088 [main] DEBUG org.apache.ibatis.io.ResolverUtil - Reader entry: TbOrderInfoExample.class
17:27:54.088 [main] DEBUG org.apache.ibatis.io.ResolverUtil - Reader entry: TbOrderInfoExample$Criteria.class
17:27:54.090 [main] DEBUG org.apache.ibatis.io.ResolverUtil - Reader entry: TbOrderInfoExample$Criterion.class
17:27:54.090 [main] DEBUG org.apache.ibatis.io.ResolverUtil - Reader entry: TbOrderInfoExample$GeneratedCriteria.class
17:27:54.093 [main] DEBUG org.apache.ibatis.io.ResolverUtil - Reader entry: TbOrderKey.class
17:27:54.093 [main] DEBUG org.apache.ibatis.io.ResolverUtil - Reader entry: TbRecInfo.class
17:27:54.094 [main] DEBUG org.apache.ibatis.io.ResolverUtil - Reader entry: TbRecInfoExample.class
17:27:54.096 [main] DEBUG org.apache.ibatis.io.ResolverUtil - Reader entry: TbRecInfoExample$Criteria.class
17:27:54.096 [main] DEBUG org.apache.ibatis.io.ResolverUtil - Reader entry: TbRecInfoExample$Criterion.class
17:27:54.096 [main] DEBUG org.apache.ibatis.io.ResolverUtil - Reader entry: TbRecInfoExample$GeneratedCriteria.class
17:27:54.097 [main] DEBUG org.apache.ibatis.io.ResolverUtil - Reader entry: TbRecInfoKey.class
17:27:54.098 [main] DEBUG org.apache.ibatis.io.ResolverUtil - Listing file:/E:/Longines/Longines/target/classes/com/longines/pojo
17:27:54.098 [main] DEBUG org.apache.ibatis.io.ResolverUtil - Find JAR URL: file:/E:/Longines/Longines/target/classes/com/longines/pojo/TbMgAssociated.class
17:27:54.098 [main] DEBUG org.apache.ibatis.io.ResolverUtil - Not a JAR: file:/E:/Longines/Longines/target/classes/com/longines/pojo/TbMgAssociated.class
17:27:54.098 [main] DEBUG org.apache.ibatis.io.ResolverUtil - Reader entry: 漱壕&amp#0;&amp#0;&amp#0;3&amp#0;*
17:27:54.099 [main] DEBUG org.apache.ibatis.io.ResolverUtil - Find JAR URL: file:/E:/Longines/Longines/target/classes/com/longines/pojo/TbMgAssociatedExample.class
17:27:54.099 [main] DEBUG org.apache.ibatis.io.ResolverUtil - Not a JAR: file:/E:/Longines/Longines/target/classes/com/longines/pojo/TbMgAssociatedExample.class
17:27:54.104 [main] DEBUG org.apache.ibatis.io.ResolverUtil - Reader entry: 漱壕&amp#0;&amp#0;&amp#0;3&amp#0;O
17:27:54.104 [main] DEBUG org.apache.ibatis.io.ResolverUtil - Find JAR URL: file:/E:/Longines/Longines/target/classes/com/longines/pojo/TbMgAssociatedExample$Criteria.class
17:27:54.105 [main] DEBUG org.apache.ibatis.io.ResolverUtil - Not a JAR: file:/E:/Longines/Longines/target/classes/com/longines/pojo/TbMgAssociatedExample$Criteria.class
17:27:54.105 [main] DEBUG org.apache.ibatis.io.ResolverUtil - Reader entry: 漱壕&amp#0;&amp#0;&amp#0;3&amp#0;?
17:27:54.106 [main] DEBUG org.apache.ibatis.io.ResolverUtil - Find JAR URL: file:/E:/Longines/Longines/target/classes/com/longines/pojo/TbMgAssociatedExample$Criterion.class
17:27:54.106 [main] DEBUG org.apache.ibatis.io.ResolverUtil - Not a JAR: file:/E:/Longines/Longines/target/classes/com/longines/pojo/TbMgAssociatedExample$Criterion.class
17:27:54.107 [main] DEBUG org.apache.ibatis.io.ResolverUtil - Reader entry: 漱壕&amp#0;&amp#0;&amp#0;3&amp#0;J	&amp#0;
17:27:54.107 [main] DEBUG org.apache.ibatis.io.ResolverUtil - Find JAR URL: file:/E:/Longines/Longines/target/classes/com/longines/pojo/TbMgAssociatedExample$GeneratedCriteria.class
17:27:54.107 [main] DEBUG org.apache.ibatis.io.ResolverUtil - Not a JAR: file:/E:/Longines/Longines/target/classes/com/longines/pojo/TbMgAssociatedExample$GeneratedCriteria.class
17:27:54.109 [main] DEBUG org.apache.ibatis.io.ResolverUtil - Reader entry: 漱壕&amp#0;&amp#0;&amp#0;3&amp#1;U
17:27:54.109 [main] DEBUG org.apache.ibatis.io.ResolverUtil - Find JAR URL: file:/E:/Longines/Longines/target/classes/com/longines/pojo/TbMgAssociatedKey.class
17:27:54.109 [main] DEBUG org.apache.ibatis.io.ResolverUtil - Not a JAR: file:/E:/Longines/Longines/target/classes/com/longines/pojo/TbMgAssociatedKey.class
17:27:54.110 [main] DEBUG org.apache.ibatis.io.ResolverUtil - Reader entry: 漱壕&amp#0;&amp#0;&amp#0;3&amp#0;&amp#29;
17:27:54.121 [main] DEBUG org.apache.ibatis.io.ResolverUtil - Find JAR URL: file:/E:/Longines/Longines/target/classes/com/longines/pojo/TbOrder.class
17:27:54.121 [main] DEBUG org.apache.ibatis.io.ResolverUtil - Not a JAR: file:/E:/Longines/Longines/target/classes/com/longines/pojo/TbOrder.class
17:27:54.123 [main] DEBUG org.apache.ibatis.io.ResolverUtil - Reader entry: 漱壕&amp#0;&amp#0;&amp#0;3&amp#0;<
17:27:54.123 [main] DEBUG org.apache.ibatis.io.ResolverUtil - Find JAR URL: file:/E:/Longines/Longines/target/classes/com/longines/pojo/TbOrderExample.class
17:27:54.125 [main] DEBUG org.apache.ibatis.io.ResolverUtil - Not a JAR: file:/E:/Longines/Longines/target/classes/com/longines/pojo/TbOrderExample.class
17:27:54.127 [main] DEBUG org.apache.ibatis.io.ResolverUtil - Reader entry: 漱壕&amp#0;&amp#0;&amp#0;3&amp#0;O
17:27:54.128 [main] DEBUG org.apache.ibatis.io.ResolverUtil - Find JAR URL: file:/E:/Longines/Longines/target/classes/com/longines/pojo/TbOrderExample$Criteria.class
17:27:54.128 [main] DEBUG org.apache.ibatis.io.ResolverUtil - Not a JAR: file:/E:/Longines/Longines/target/classes/com/longines/pojo/TbOrderExample$Criteria.class
17:27:54.129 [main] DEBUG org.apache.ibatis.io.ResolverUtil - Reader entry: 漱壕&amp#0;&amp#0;&amp#0;3&amp#0;?
17:27:54.129 [main] DEBUG org.apache.ibatis.io.ResolverUtil - Find JAR URL: file:/E:/Longines/Longines/target/classes/com/longines/pojo/TbOrderExample$Criterion.class
17:27:54.130 [main] DEBUG org.apache.ibatis.io.ResolverUtil - Not a JAR: file:/E:/Longines/Longines/target/classes/com/longines/pojo/TbOrderExample$Criterion.class
17:27:54.133 [main] DEBUG org.apache.ibatis.io.ResolverUtil - Reader entry: 漱壕&amp#0;&amp#0;&amp#0;3&amp#0;J	&amp#0;
17:27:54.134 [main] DEBUG org.apache.ibatis.io.ResolverUtil - Find JAR URL: file:/E:/Longines/Longines/target/classes/com/longines/pojo/TbOrderExample$GeneratedCriteria.class
17:27:54.135 [main] DEBUG org.apache.ibatis.io.ResolverUtil - Not a JAR: file:/E:/Longines/Longines/target/classes/com/longines/pojo/TbOrderExample$GeneratedCriteria.class
17:27:54.137 [main] DEBUG org.apache.ibatis.io.ResolverUtil - Reader entry: 漱壕&amp#0;&amp#0;&amp#0;3&amp#1;/
17:27:54.143 [main] DEBUG org.apache.ibatis.io.ResolverUtil - Find JAR URL: file:/E:/Longines/Longines/target/classes/com/longines/pojo/TbOrderInfo.class
17:27:54.143 [main] DEBUG org.apache.ibatis.io.ResolverUtil - Not a JAR: file:/E:/Longines/Longines/target/classes/com/longines/pojo/TbOrderInfo.class
17:27:54.144 [main] DEBUG org.apache.ibatis.io.ResolverUtil - Reader entry: 漱壕&amp#0;&amp#0;&amp#0;3&amp#0;`
17:27:54.144 [main] DEBUG org.apache.ibatis.io.ResolverUtil - Find JAR URL: file:/E:/Longines/Longines/target/classes/com/longines/pojo/TbOrderInfoExample.class
17:27:54.144 [main] DEBUG org.apache.ibatis.io.ResolverUtil - Not a JAR: file:/E:/Longines/Longines/target/classes/com/longines/pojo/TbOrderInfoExample.class
17:27:54.145 [main] DEBUG org.apache.ibatis.io.ResolverUtil - Reader entry: 漱壕&amp#0;&amp#0;&amp#0;3&amp#0;O
17:27:54.145 [main] DEBUG org.apache.ibatis.io.ResolverUtil - Find JAR URL: file:/E:/Longines/Longines/target/classes/com/longines/pojo/TbOrderInfoExample$Criteria.class
17:27:54.146 [main] DEBUG org.apache.ibatis.io.ResolverUtil - Not a JAR: file:/E:/Longines/Longines/target/classes/com/longines/pojo/TbOrderInfoExample$Criteria.class
17:27:54.147 [main] DEBUG org.apache.ibatis.io.ResolverUtil - Reader entry: 漱壕&amp#0;&amp#0;&amp#0;3&amp#1;?
17:27:54.147 [main] DEBUG org.apache.ibatis.io.ResolverUtil - Find JAR URL: file:/E:/Longines/Longines/target/classes/com/longines/pojo/TbOrderInfoExample$Criterion.class
17:27:54.148 [main] DEBUG org.apache.ibatis.io.ResolverUtil - Not a JAR: file:/E:/Longines/Longines/target/classes/com/longines/pojo/TbOrderInfoExample$Criterion.class
17:27:54.149 [main] DEBUG org.apache.ibatis.io.ResolverUtil - Reader entry: 漱壕&amp#0;&amp#0;&amp#0;3&amp#0;J	&amp#0;
17:27:54.149 [main] DEBUG org.apache.ibatis.io.ResolverUtil - Find JAR URL: file:/E:/Longines/Longines/target/classes/com/longines/pojo/TbOrderInfoExample$GeneratedCriteria.class
17:27:54.150 [main] DEBUG org.apache.ibatis.io.ResolverUtil - Not a JAR: file:/E:/Longines/Longines/target/classes/com/longines/pojo/TbOrderInfoExample$GeneratedCriteria.class
17:27:54.154 [main] DEBUG org.apache.ibatis.io.ResolverUtil - Reader entry: 漱壕&amp#0;&amp#0;&amp#0;3&amp#2;H
17:27:54.155 [main] DEBUG org.apache.ibatis.io.ResolverUtil - Find JAR URL: file:/E:/Longines/Longines/target/classes/com/longines/pojo/TbOrderKey.class
17:27:54.155 [main] DEBUG org.apache.ibatis.io.ResolverUtil - Not a JAR: file:/E:/Longines/Longines/target/classes/com/longines/pojo/TbOrderKey.class
17:27:54.157 [main] DEBUG org.apache.ibatis.io.ResolverUtil - Reader entry: 漱壕&amp#0;&amp#0;&amp#0;3&amp#0;&amp#29;
17:27:54.158 [main] DEBUG org.apache.ibatis.io.ResolverUtil - Find JAR URL: file:/E:/Longines/Longines/target/classes/com/longines/pojo/TbRecInfo.class
17:27:54.158 [main] DEBUG org.apache.ibatis.io.ResolverUtil - Not a JAR: file:/E:/Longines/Longines/target/classes/com/longines/pojo/TbRecInfo.class
17:27:54.158 [main] DEBUG org.apache.ibatis.io.ResolverUtil - Reader entry: 漱壕&amp#0;&amp#0;&amp#0;3&amp#0;/
17:27:54.159 [main] DEBUG org.apache.ibatis.io.ResolverUtil - Find JAR URL: file:/E:/Longines/Longines/target/classes/com/longines/pojo/TbRecInfoExample.class
17:27:54.159 [main] DEBUG org.apache.ibatis.io.ResolverUtil - Not a JAR: file:/E:/Longines/Longines/target/classes/com/longines/pojo/TbRecInfoExample.class
17:27:54.160 [main] DEBUG org.apache.ibatis.io.ResolverUtil - Reader entry: 漱壕&amp#0;&amp#0;&amp#0;3&amp#0;O
17:27:54.160 [main] DEBUG org.apache.ibatis.io.ResolverUtil - Find JAR URL: file:/E:/Longines/Longines/target/classes/com/longines/pojo/TbRecInfoExample$Criteria.class
17:27:54.160 [main] DEBUG org.apache.ibatis.io.ResolverUtil - Not a JAR: file:/E:/Longines/Longines/target/classes/com/longines/pojo/TbRecInfoExample$Criteria.class
17:27:54.161 [main] DEBUG org.apache.ibatis.io.ResolverUtil - Reader entry: 漱壕&amp#0;&amp#0;&amp#0;3&amp#1;&amp#22;
17:27:54.162 [main] DEBUG org.apache.ibatis.io.ResolverUtil - Find JAR URL: file:/E:/Longines/Longines/target/classes/com/longines/pojo/TbRecInfoExample$Criterion.class
17:27:54.162 [main] DEBUG org.apache.ibatis.io.ResolverUtil - Not a JAR: file:/E:/Longines/Longines/target/classes/com/longines/pojo/TbRecInfoExample$Criterion.class
17:27:54.164 [main] DEBUG org.apache.ibatis.io.ResolverUtil - Reader entry: 漱壕&amp#0;&amp#0;&amp#0;3&amp#0;J	&amp#0;
17:27:54.164 [main] DEBUG org.apache.ibatis.io.ResolverUtil - Find JAR URL: file:/E:/Longines/Longines/target/classes/com/longines/pojo/TbRecInfoExample$GeneratedCriteria.class
17:27:54.164 [main] DEBUG org.apache.ibatis.io.ResolverUtil - Not a JAR: file:/E:/Longines/Longines/target/classes/com/longines/pojo/TbRecInfoExample$GeneratedCriteria.class
17:27:54.165 [main] DEBUG org.apache.ibatis.io.ResolverUtil - Reader entry: 漱壕&amp#0;&amp#0;&amp#0;3&amp#1;l
17:27:54.166 [main] DEBUG org.apache.ibatis.io.ResolverUtil - Find JAR URL: file:/E:/Longines/Longines/target/classes/com/longines/pojo/TbRecInfoKey.class
17:27:54.166 [main] DEBUG org.apache.ibatis.io.ResolverUtil - Not a JAR: file:/E:/Longines/Longines/target/classes/com/longines/pojo/TbRecInfoKey.class
17:27:54.167 [main] DEBUG org.apache.ibatis.io.ResolverUtil - Reader entry: 漱壕&amp#0;&amp#0;&amp#0;3&amp#0;&amp#29;
17:27:54.168 [main] DEBUG org.apache.ibatis.io.ResolverUtil - Checking to see if class com.longines.pojo.TbMgAssociated matches criteria [is assignable to Object]
17:27:54.168 [main] DEBUG org.apache.ibatis.io.ResolverUtil - Checking to see if class com.longines.pojo.TbMgAssociatedExample matches criteria [is assignable to Object]
17:27:54.171 [main] DEBUG org.apache.ibatis.io.ResolverUtil - Checking to see if class com.longines.pojo.TbMgAssociatedExample$Criteria matches criteria [is assignable to Object]
17:27:54.171 [main] DEBUG org.apache.ibatis.io.ResolverUtil - Checking to see if class com.longines.pojo.TbMgAssociatedExample$Criterion matches criteria [is assignable to Object]
17:27:54.171 [main] DEBUG org.apache.ibatis.io.ResolverUtil - Checking to see if class com.longines.pojo.TbMgAssociatedExample$GeneratedCriteria matches criteria [is assignable to Object]
17:27:54.171 [main] DEBUG org.apache.ibatis.io.ResolverUtil - Checking to see if class com.longines.pojo.TbMgAssociatedKey matches criteria [is assignable to Object]
17:27:54.171 [main] DEBUG org.apache.ibatis.io.ResolverUtil - Checking to see if class com.longines.pojo.TbOrder matches criteria [is assignable to Object]
17:27:54.171 [main] DEBUG org.apache.ibatis.io.ResolverUtil - Checking to see if class com.longines.pojo.TbOrderExample matches criteria [is assignable to Object]
17:27:54.171 [main] DEBUG org.apache.ibatis.io.ResolverUtil - Checking to see if class com.longines.pojo.TbOrderExample$Criteria matches criteria [is assignable to Object]
17:27:54.171 [main] DEBUG org.apache.ibatis.io.ResolverUtil - Checking to see if class com.longines.pojo.TbOrderExample$Criterion matches criteria [is assignable to Object]
17:27:54.171 [main] DEBUG org.apache.ibatis.io.ResolverUtil - Checking to see if class com.longines.pojo.TbOrderExample$GeneratedCriteria matches criteria [is assignable to Object]
17:27:54.171 [main] DEBUG org.apache.ibatis.io.ResolverUtil - Checking to see if class com.longines.pojo.TbOrderInfo matches criteria [is assignable to Object]
17:27:54.171 [main] DEBUG org.apache.ibatis.io.ResolverUtil - Checking to see if class com.longines.pojo.TbOrderInfoExample matches criteria [is assignable to Object]
17:27:54.171 [main] DEBUG org.apache.ibatis.io.ResolverUtil - Checking to see if class com.longines.pojo.TbOrderInfoExample$Criteria matches criteria [is assignable to Object]
17:27:54.171 [main] DEBUG org.apache.ibatis.io.ResolverUtil - Checking to see if class com.longines.pojo.TbOrderInfoExample$Criterion matches criteria [is assignable to Object]
17:27:54.172 [main] DEBUG org.apache.ibatis.io.ResolverUtil - Checking to see if class com.longines.pojo.TbOrderInfoExample$GeneratedCriteria matches criteria [is assignable to Object]
17:27:54.172 [main] DEBUG org.apache.ibatis.io.ResolverUtil - Checking to see if class com.longines.pojo.TbOrderKey matches criteria [is assignable to Object]
17:27:54.172 [main] DEBUG org.apache.ibatis.io.ResolverUtil - Checking to see if class com.longines.pojo.TbRecInfo matches criteria [is assignable to Object]
17:27:54.172 [main] DEBUG org.apache.ibatis.io.ResolverUtil - Checking to see if class com.longines.pojo.TbRecInfoExample matches criteria [is assignable to Object]
17:27:54.172 [main] DEBUG org.apache.ibatis.io.ResolverUtil - Checking to see if class com.longines.pojo.TbRecInfoExample$Criteria matches criteria [is assignable to Object]
17:27:54.172 [main] DEBUG org.apache.ibatis.io.ResolverUtil - Checking to see if class com.longines.pojo.TbRecInfoExample$Criterion matches criteria [is assignable to Object]
17:27:54.172 [main] DEBUG org.apache.ibatis.io.ResolverUtil - Checking to see if class com.longines.pojo.TbRecInfoExample$GeneratedCriteria matches criteria [is assignable to Object]
17:27:54.172 [main] DEBUG org.apache.ibatis.io.ResolverUtil - Checking to see if class com.longines.pojo.TbRecInfoKey matches criteria [is assignable to Object]
17:27:54.181 [main] DEBUG o.a.i.d.pooled.PooledDataSource - PooledDataSource forcefully closed/removed all connections.
17:27:54.182 [main] DEBUG o.a.i.d.pooled.PooledDataSource - PooledDataSource forcefully closed/removed all connections.
17:27:54.182 [main] DEBUG o.a.i.d.pooled.PooledDataSource - PooledDataSource forcefully closed/removed all connections.
17:27:54.182 [main] DEBUG o.a.i.d.pooled.PooledDataSource - PooledDataSource forcefully closed/removed all connections.
]]></system-out>
  </testcase>
</testsuite>